mode: set
backend/internal/api/handlers/auth.go:10.30,13.57 2 0
backend/internal/api/handlers/auth.go:13.57,16.6 2 0
backend/internal/api/handlers/auth.go:18.5,19.19 2 0
backend/internal/api/handlers/auth.go:19.19,22.6 2 0
backend/internal/api/handlers/auth.go:24.5,24.51 1 0
backend/internal/api/handlers/auth.go:28.33,30.60 2 0
backend/internal/api/handlers/auth.go:30.60,33.6 2 0
backend/internal/api/handlers/auth.go:35.5,36.19 2 0
backend/internal/api/handlers/auth.go:36.19,37.43 1 0
backend/internal/api/handlers/auth.go:37.43,40.10 2 0
backend/internal/api/handlers/auth.go:41.9,42.15 2 0
backend/internal/api/handlers/auth.go:45.5,45.47 1 0
backend/internal/api/handlers/job_submission.go:19.43,27.50 4 1
backend/internal/api/handlers/job_submission.go:27.50,31.3 3 1
backend/internal/api/handlers/job_submission.go:34.2,38.16 4 1
backend/internal/api/handlers/job_submission.go:38.16,41.3 2 1
backend/internal/api/handlers/job_submission.go:44.2,51.28 4 1
backend/internal/api/handlers/job_submission.go:51.28,55.3 3 0
backend/internal/api/handlers/job_submission.go:58.2,62.16 4 1
backend/internal/api/handlers/job_submission.go:62.16,66.3 3 0
backend/internal/api/handlers/job_submission.go:69.2,69.17 1 1
backend/internal/api/handlers/job_submission.go:69.17,84.17 7 0
backend/internal/api/handlers/job_submission.go:84.17,88.4 3 0
backend/internal/api/handlers/job_submission.go:90.3,90.64 1 0
backend/internal/api/handlers/job_submission.go:94.2,98.42 4 1
backend/internal/api/handlers/job_submission.go:98.42,102.3 3 0
backend/internal/api/handlers/job_submission.go:104.2,109.16 4 1
backend/internal/api/handlers/job_submission.go:109.16,113.3 3 0
backend/internal/api/handlers/job_submission.go:114.2,114.20 1 1
backend/internal/api/handlers/job_submission.go:114.20,118.3 3 1
backend/internal/api/handlers/job_submission.go:121.2,123.16 3 1
backend/internal/api/handlers/job_submission.go:123.16,127.3 3 1
backend/internal/api/handlers/job_submission.go:130.2,131.53 2 1
backend/internal/api/handlers/job_submission.go:131.53,133.9 2 1
backend/internal/api/handlers/job_submission.go:133.9,134.38 1 1
backend/internal/api/handlers/job_submission.go:134.38,135.43 1 1
backend/internal/api/handlers/job_submission.go:135.43,137.6 1 1
backend/internal/api/handlers/job_submission.go:143.2,145.16 3 1
backend/internal/api/handlers/job_submission.go:145.16,149.3 3 0
backend/internal/api/handlers/job_submission.go:152.2,156.16 3 1
backend/internal/api/handlers/job_submission.go:156.16,160.3 3 1
backend/internal/api/handlers/job_submission.go:163.2,170.16 4 1
backend/internal/api/handlers/job_submission.go:170.16,177.3 3 1
backend/internal/api/handlers/job_submission.go:180.2,183.4 1 1
backend/internal/api/handlers/job_submission.go:186.41,191.16 3 1
backend/internal/api/handlers/job_submission.go:191.16,195.3 3 0
backend/internal/api/handlers/job_submission.go:197.2,202.30 4 1
backend/internal/api/handlers/job_submission.go:202.30,206.3 3 1
backend/internal/api/handlers/job_submission.go:209.2,214.30 5 1
backend/internal/api/handlers/job_submission.go:214.30,216.3 1 1
backend/internal/api/handlers/job_submission.go:219.2,228.27 4 1
backend/internal/api/handlers/job_submission.go:228.27,230.3 1 1
backend/internal/api/handlers/job_submission.go:230.8,230.32 1 1
backend/internal/api/handlers/job_submission.go:230.32,232.65 1 1
backend/internal/api/handlers/job_submission.go:232.65,235.4 2 1
backend/internal/api/handlers/job_submission.go:235.9,237.4 1 1
backend/internal/api/handlers/job_submission.go:241.2,248.16 6 1
backend/internal/api/handlers/job_submission.go:248.16,252.3 3 0
backend/internal/api/handlers/job_submission.go:254.2,254.58 1 1
